<?xml version="1.0" encoding="UTF-8"?>
<!-- Generated by org.testng.reporters.JUnitXMLReporter -->
<testsuite ignored="6" hostname="DESKTOP-K1IJUS5" failures="0" tests="1" name="Default test" time="3.329" errors="0" timestamp="2024-07-26T09:58:23 EDT">
  <testcase classname="com.github.tests.CRUD.ValidateGetAddUpdateDeleteData" name="validateAddDataFunctionality" time="2.742"/>
  <testcase classname="com.github.tests.CRUD.ValidateGetAddUpdateDeleteData" name="validatInvalidSingleRepo" time="0.0">
    <ignored/>
  </testcase> <!-- validatInvalidSingleRepo -->
  <testcase classname="com.github.tests.CRUD.ValidateGetAddUpdateDeleteData" name="validateUpdateDataFunctionality" time="0.0">
    <ignored/>
  </testcase> <!-- validateUpdateDataFunctionality -->
  <testcase classname="com.github.tests.CRUD.ValidateGetAddUpdateDeleteData" name="validateGetSingleRepo" time="0.0">
    <ignored/>
  </testcase> <!-- validateGetSingleRepo -->
  <testcase classname="com.github.tests.CRUD.ValidateGetAddUpdateDeleteData" name="validateAddInvalidDataFunctionality" time="0.0">
    <ignored/>
  </testcase> <!-- validateAddInvalidDataFunctionality -->
  <testcase classname="com.github.tests.CRUD.ValidateGetAddUpdateDeleteData" name="validateDeleteRepo" time="0.0">
    <ignored/>
  </testcase> <!-- validateDeleteRepo -->
  <testcase classname="com.github.tests.CRUD.ValidateGetAddUpdateDeleteData" name="validateGetAllRepo" time="0.0">
    <ignored/>
  </testcase> <!-- validateGetAllRepo -->
</testsuite> <!-- Default test -->
